/__w/mn-samples-itu/mn-samples-itu/site/documents/G.191.err errors


== Metanorma XML Style Warning

(XML Line 000020): Hanging paragraph in clause
	<clause>
	      <title>FOREWORD</title>
	<p id="_5c33387c-40c0-4aa6-99b3-ddcbc9c7f65a">The International Telecommunication Union (ITU) is the United Nations specialized agency in the field of telecommunications , information and communication technologies (ICTs). The ITU Telecommunication Standardization Sector (ITU-T) is a permanent organ of ITU. ITU-T is responsible for studying technical, operating and tariff questions and issuing Recommendations on them with a view to standardizing telecommunications on a worldwide basis.</p>
	<p id="_ceafaef1-4137-4ff1-a98d-bf7c0addc1cb">The World Telecommunication Standardization Assembly (WTSA), which meets every four years, establishes the topics for study by the ITU T study groups which, in turn, produce Recommendations on these topics.</p>
	<p id="_0c09ad08-07db-46fe-b27a-57951768198b">The approval of ITU-T Recommendations is covered by the procedure laid down in WTSA Resolution 1 .</p>
(XML Line 000078): Table should have title
	<table id="_e637d4f5-518f-4de5-ba3d-4f6c7bdc5f4c" unnumbered="true">
	<colgroup>
	<col width="22.2222%"/>
	<col width="22.2222%"/>
	<col width="11.1111%"/>
(XML Line 000234): Hanging paragraph in clause
	<annex id="annexA" inline-header="false" obligation="normative"><title>List of software tools available</title><p id="_a3e52904-6fb8-4f43-a79b-8dbf44797c6c">This annex contains a list with a short description of the software tools available in the ITU-T Software Tool Library (STL). The 2019 release is referred to in the associated documentation as STL2019. All the routines in the modules are written in C.</p>
	<clause id="_example_programs_available" inline-header="false" obligation="normative"><title>Example programs available</title><p id="_4a2d008c-f1b0-427e-933f-254cc11a87b4">Associated header file: <tt>ugstdemo.h</tt></p>
	<p id="_eb874286-7594-4313-8116-7c914841f05b">The following programs are examples of the use of the modules.</p>
	<dl id="_12925245-df4b-44a2-9c1a-d917582f9fde">
	<dt>
(XML Line 001040): Hanging paragraph in clause
	<clause id="_basic_operators" inline-header="false" obligation="normative"><title>Basic operators</title><clause id="_basic_operators_that_use_16_bit_registersaccumulators" inline-header="false" obligation="normative"><title>Basic operators that use 16-bit registers/accumulators</title><p align="left" id="_a43cf20c-52de-46d6-a5ce-7119f921fa47">Name: <tt>basop32.c</tt>, <tt>enh1632.c</tt><br/>
	Associated header file: <tt>stl.h</tt>, <tt>basop32.h</tt>, <tt>enh1632.h</tt></p>
	<p id="_4c89f6a8-0dda-46e5-bd34-059ed6211b20">Variable definitions:</p>
	<ul id="_57d48f36-a97f-4a58-9e63-132ce2877029">
	<li>
(XML Line 002778): Hanging paragraph in clause
	<annex id="annexB" inline-header="false" obligation="normative"><title>ITU-T software tools General Public Licence</title><p id="_389beeaa-17ea-48a6-a65a-45c5cae233c0">
	<strong>Terms and conditions</strong>
	</p>
	<clause id="_4074314c-8b5e-4c45-8ebb-1aa1e7e31567" inline-header="false" obligation="normative">
	


== Style

(): No Keywords have been provided
