/__w/mn-samples-itu/mn-samples-itu/site/documents/T-REC-H.Imp248-201710-I.err errors


== Metanorma XML Style Warning

(XML Line 000207): Table should have title
	<table id="_dade4fcf-bc47-42c0-be99-fbf484dba560" unnumbered="true">
	<tbody>
	<tr>
	<th valign="top" align="center">Symbol</th>
	<th valign="top" align="center">Description</th>
(XML Line 000245): Hanging paragraph in clause
	<clause id="_technical_and_editorial_corrections_to_h_248_1_032013" inline-header="false" obligation="normative"><title>Technical and Editorial Corrections to H.248.1 (03/2013)</title><clause id="_usage_of_dot_in_digitmaps" inline-header="false" obligation="normative"><title>Usage of DOT in digitmaps</title><table id="_49449fe6-0516-4bcd-b528-e61ec921cefb" unnumbered="true">
	<tbody>
	<tr>
	<th valign="top" align="left">Issue:</th>
	<td valign="top" align="left">
(XML Line 000245): Table should have title
	<table id="_49449fe6-0516-4bcd-b528-e61ec921cefb" unnumbered="true">
	<tbody>
	<tr>
	<th valign="top" align="left">Issue:</th>
	<td valign="top" align="left">
(XML Line 000283): Table should have title
	<table id="_1ad8f85a-0fa3-4a91-bdfa-eb2a99d52ba5" unnumbered="true">
	<tbody>
	<tr>
	<th valign="top" align="left">Issue:</th>
	<td valign="top" align="left">
(XML Line 000330): Table should have title
	<table id="_a8873702-3596-42c3-98ac-b9f2703f7ea0" unnumbered="true">
	<tbody>
	<tr>
	<th valign="top" align="left">Issue:</th>
	<td valign="top" align="left">There has been some confusion with regards to the behaviour of property overspecification and the use of ReserveValue and ReserveGroup. Clarifying text is added to clause 7.1.7 on the relation between the concepts. The note in clause 7.1.8.2.3.2 is related to ReserveGroup=True and thus should be placed in clause 7.1.8.2.3.3.</td>
(XML Line 000436): Hanging paragraph in clause
	<clause id="_technical_and_editorial_corrections_to_h_248_9_122009" inline-header="false" obligation="normative">
	<title>Technical and Editorial Corrections to H.248.9 (12/2009)</title>
	<clause id="_updated_abnf_reference_2" inline-header="false" obligation="normative"><title>Updated ABNF reference</title><table id="_3c072c40-79f2-40cd-b142-fb397261b5a5" unnumbered="true">
	<tbody>
	<tr>
(XML Line 000438): Table should have title
	<table id="_3c072c40-79f2-40cd-b142-fb397261b5a5" unnumbered="true">
	<tbody>
	<tr>
	<th valign="top" align="left">Issue:</th>
	<td valign="top" align="left">H.248.9 contains a reference to RFC4234 for ABNF syntax. This RFC has been obsoleted. The latest definition of ABNF is RFC 5234 which is also known as STD 68. The updates to the RFC are mainly with regards to its use with email. There are no changes that effect H.248 encoding.</td>
(XML Line 000493): Hanging paragraph in clause
	<clause id="_technical_and_editorial_corrections_to_h_248_40_032013" inline-header="false" obligation="normative">
	<title>Technical and Editorial Corrections to H.248.40 (03/2013)</title>
	<clause id="_packet_types_subject_to_detection_logic" inline-header="false" obligation="normative"><title>Packet types subject to detection logic</title><table id="_1bbe2f97-312c-46c2-9592-45094e955e62" unnumbered="true">
	<tbody>
	<tr>
(XML Line 000495): Table should have title
	<table id="_1bbe2f97-312c-46c2-9592-45094e955e62" unnumbered="true">
	<tbody>
	<tr>
	<th valign="top" align="left">Issue:</th>
	<td valign="top" align="left"><p id="_06f99587-843e-4e30-877a-8a82e879e39f">The context of H.248.40 usage was apparently fairly straightforward when H.248.40 was developed in 2006/07. Since that time some weaknesses (from specification perspective) have been observed, primarily related to following three items:</p>
(XML Line 000630): Hanging paragraph in clause
	<clause id="_technical_and_editorial_corrections_to_h_248_53_032009" inline-header="false" obligation="normative">
	<title>Technical and Editorial Corrections to H.248.53 (03/2009)</title>
	<clause id="_rate_policing_clarifications" inline-header="false" obligation="normative"><title>Rate policing clarifications</title><table id="_1c3b58f6-6c5c-476e-b5e5-7a7f4a1e0199" unnumbered="true">
	<tbody>
	<tr>
(XML Line 000632): Table should have title
	<table id="_1c3b58f6-6c5c-476e-b5e5-7a7f4a1e0199" unnumbered="true">
	<tbody>
	<tr>
	<th valign="top" align="left">Issue:</th>
	<td valign="top" align="left">
(XML Line 000747): Hanging paragraph in clause
	<clause id="_technical_and_editorial_corrections_to_h_248_69_032009" inline-header="false" obligation="normative">
	<title>Technical and Editorial Corrections to H.248.69 (03/2009)</title>
	<clause id="_superfluous_reference" inline-header="false" obligation="normative"><title>Superfluous reference</title><table id="_ed41743e-f288-45cd-a6ae-5e48d965c581" unnumbered="true">
	<tbody>
	<tr>
(XML Line 000749): Table should have title
	<table id="_ed41743e-f288-45cd-a6ae-5e48d965c581" unnumbered="true">
	<tbody>
	<tr>
	<th valign="top" align="left">Issue:</th>
	<td valign="top" align="left">ITU-T H.248.69 contains a reference to IETF RFC 4976 however it is not used in the main text. Therefore the reference can be removed.</td>
(XML Line 000844): Hanging paragraph in clause
	<clause id="_technical_and_editorial_corrections_to_h_248_80_012014" inline-header="false" obligation="normative">
	<title>Technical and Editorial Corrections to H.248.80 (01/2014)</title>
	<clause id="_updated_reference" inline-header="false" obligation="normative"><title>Updated reference</title><table id="_520a4174-8c3c-488d-9cef-00f8b1447b31" unnumbered="true">
	<tbody>
	<tr>
(XML Line 000846): Table should have title
	<table id="_520a4174-8c3c-488d-9cef-00f8b1447b31" unnumbered="true">
	<tbody>
	<tr>
	<th valign="top" align="left">Issue:</th>
	<td valign="top" align="left">The remaining IETF draft &lt; draft-ietf-mmusic-sdp-cs-21&gt; in the Bibliography has been published as RFC and could be corrected in the Recommendation.</td>
(XML Line 000936): Hanging paragraph in clause
	<clause id="_technical_and_editorial_corrections_to_h_248_83_022012" inline-header="false" obligation="normative">
	<title>Technical and Editorial Corrections to H.248.83 (02/2012)</title>
	<clause id="_incorrect_reference" inline-header="false" obligation="normative"><title>Incorrect reference</title><table id="_a4b56a36-1940-4eca-bb6d-b70e35c639c6" unnumbered="true">
	<tbody>
	<tr>
(XML Line 000938): Table should have title
	<table id="_a4b56a36-1940-4eca-bb6d-b70e35c639c6" unnumbered="true">
	<tbody>
	<tr>
	<th valign="top" align="left">Issue:</th>
	<td valign="top" align="left">ITU-T H.248.83, clause 1 makes reference to a 3GPP reference point. The named the reference point "Mn" provides a reference to [b-3gpp TS 29.232] which is in fact the specification for the "Mc" reference point. The reference point name needs to be corrected.</td>
(XML Line 000974): Hanging paragraph in clause
	<clause id="_technical_and_editorial_corrections_to_h_248_87_012014" inline-header="false" obligation="normative">
	<title>Technical and Editorial Corrections to H.248.87 (01/2014)</title>
	<clause id="_updated_reference_2" inline-header="false" obligation="normative"><title>Updated reference</title><table id="_139a6337-0808-4629-94e3-c6abf1049353" unnumbered="true">
	<tbody>
	<tr>
(XML Line 000976): Table should have title
	<table id="_139a6337-0808-4629-94e3-c6abf1049353" unnumbered="true">
	<tbody>
	<tr>
	<th valign="top" align="left">Issue</th>
	<td valign="top" align="left">Two of the IETF drafts in the Bibliography have been published as IETF RFCs. The references should be updated.</td>
(XML Line 001104): Hanging paragraph in clause
	<clause id="_technical_and_editorial_corrections_to_h_248_88_012014" inline-header="false" obligation="normative">
	<title>Technical and Editorial Corrections to H.248.88 (01/2014)</title>
	<clause id="_updated_reference_3" inline-header="false" obligation="normative"><title>Updated reference</title><table id="_8f06746a-9b71-45cc-9418-296490ab3d4e" unnumbered="true">
	<tbody>
	<tr>
(XML Line 001106): Table should have title
	<table id="_8f06746a-9b71-45cc-9418-296490ab3d4e" unnumbered="true">
	<tbody>
	<tr>
	<th valign="top" align="left">Issue:</th>
	<td valign="top" align="left">RFC 7667 "RTP topologies" obsoletes RFC 5117, the baseline RFC of H.248.88. RFC 7667 was published after the publication of H.248.88.</td>
(XML Line 001159): Table should have title
	<table id="_8c93d5b1-3dae-46d6-af36-54d039024f7e" unnumbered="true">
	<tbody>
	<tr>
	<td valign="top" align="left">DATE:</td>
	<td valign="top" align="left"/>


== Style

(): No Keywords have been provided
(): ITU-T H.248 Sub-series Implementors Guide does not match ITU document identifier conventions
(XML Line 000097): Requirement possibly in preface: It must be read in conjunction with the Recommendations to serve as an additional authoritative source of information for implementors
	<abstract id="_summary"><title>Abstract</title><p id="_dd9bc19c-1f34-417c-ba7e-de5c0c78038c">This document is a compilation of reported defects identified in the ITU-T H.248 sub-series of Recommendations currently in force. It must be read in conjunction with the Recommendations to serve as an additional authoritative source of information for implementors. The changes, clarifications and corrections defined herein are expected to be included in future versions of affected H.248 sub-series Recommendations.</p>
	<p id="_3900935b-3f0a-430b-abaf-70341a2a6906">This edition contains all updates submitted up to and including those at Study Group 16 meeting in Macao, China, 16-27 October 2017.</p>
	<p id="_a46ca004-52c1-4935-b986-b3fb92adb606">This Implementors' Guide was approved by ITU-T Study Group 16 on 27 October 2017 and obsoletes the earlier version of this implementers' guide approved on 23 October 2015.</p>
	<note id="_3af0db3e-60d5-4f2d-973a-456aec25dad0">
	<p id="_74fe57d9-aeca-49a2-8f56-eeb47b390a6b">The Implementors' Guides for H.248.1 Version 1 and Version 2 are published as separate documents. (ITU-T H.248.1 is currently in its version 3.)</p>
(XML Line 000168): Requirement possibly in preface: In this edition of the Guide, reported defects identified as of 23 October 2015 are given for:


H.248.1 (03/2013)


H.248.9 (12/2009)


H.248.40 (03/2013)


H.248.53 (03/2009)


H.248.69 (03/2009)


H.248.80 (01/2014)


H.248.83 (02/2012)


H.248.87 (01/2014)


H.248.88 (01/2014)


The Guide must be read in conjunction with the H.248.x sub-series of Recommendations to serve as an additional source of information for implementors
	<introduction id="_introduction" obligation="informative"><title>Introduction</title><p id="_a8bfd9f7-f955-4c76-8d5c-aa5126929a81">The H.248 Implementors' Guide is a compilation of reported defects for all versions of the H.248.x sub-series of Recommendations, except H.248.1 Version 1 (03/2002) and H.248.1 Version 2 (05/2002) Corrigendum 1 (03/2004). <em>For the defects in Version 1, see the H.248.1 Version 1 Implementors' Guide. For the defects in Version 2, see the H.248.1 Version 2 Implementors' Guide.</em></p>
	<p id="_c7344252-5346-4ad2-acb1-32c0ac7e9212">In this edition of the Guide, reported defects identified as of 23 October 2015 are given for:</p>
	<ul id="_101b8f29-0832-4fcb-ac54-d6b059f3b40c">
	<li>
	<p id="_534cf24c-4e0f-4882-8c53-ecdddee4c2fe">H.248.1 (03/2013)</p>


== Metanorma XML Syntax

(XML Line 000022:32): text not allowed here; expected the element end-tag or element "description"
(XML Line 000047:10): element "address" not allowed yet; missing required element "name"
(XML Line 000958:401): element "link" not allowed here; expected the element end-tag, text or element "br", "em", "index", "smallcap", "strike", "strong", "sub", "sup", "tt" or "underline"
(XML Line 001122:377): element "link" not allowed here; expected the element end-tag, text or element "br", "em", "index", "smallcap", "strike", "strong", "sub", "sup", "tt" or "underline"
(XML Line 001126:342): element "link" not allowed here; expected the element end-tag, text or element "br", "em", "index", "smallcap", "strike", "strong", "sub", "sup", "tt" or "underline"
