/__w/mn-samples-itu/mn-samples-itu/site/documents/T-TUT-L-2020-GLR.err errors


== Metanorma XML Style Warning

(XML Line 000123): Hanging paragraph in clause
	<clause id="_relationship_with_other_standardization_bodies_on_outside_plant" inline-header="false" obligation="normative"><title>Relationship with other standardization bodies on outside plant</title><clause id="_iec_technical_committee_46_cables_wires_waveguides_r_f_connectors_r_f_and_microwave_passive_components_and_accessories" inline-header="false" obligation="normative"><title>IEC Technical Committee 46 (Cables, wires, waveguides, R.F. connectors, R.F. and microwave passive components and accessories)</title><p id="_48613b6e-6cc4-4e1a-9e25-dcd86e44e185">The role of TC 46 is to establish and maintain standards for the terminology, design, characteristics, related test methods and requirements for quality assessment of metallic conductors, wires, waveguide, r.f. connectors, r.f. and microwave passive components and accessories for analogue and digital transmission systems and equipment for communication networks and cabling.<note id="_da542698-9496-42f8-aa0b-177ab411e808">
	<p id="_0a253fb4-6c30-445b-9b00-55c4fce4ec29">Magnetic components and ferrite devices covered by the scope of TC 51 are not dealt with by this technical committee (TC).</p>
	</note></p>
	
	<p id="_19e2b667-aa05-47d0-89b7-85b0c49a92cd">Its structure comprises three Subcommittees, three Working Groups and one Joint Working Group:</p>
(XML Line 002166): Table should have title
	<table id="_976cd458-7c94-407f-bd5a-ab858e559251" unnumbered="true">
	<thead>
	<tr>
	<th valign="top" align="center">Acronym</th>
	<th valign="top" align="center">Version/publication</th>
(XML Line 002232): Table should have title
	<table id="_b8e9f2f2-f674-424e-abd1-0963cf0590f5" unnumbered="true">
	<thead>
	<tr>
	<th valign="top" align="center">Acronym</th>
	<th valign="top" align="center">Version/publication</th>


== Style

(): No Keywords have been provided
(): ITU-T LSTP-GLSR does not match ITU document identifier conventions


== Metanorma XML Syntax

(XML Line 001145:50): element "note" not allowed here; expected the element end-tag or element "dl", "figure", "ol", "p" or "ul"
(XML Line 002307:16): element "itu-standard" incomplete; missing required element "bibliography"
